<?xml version="1.0" encoding="UTF-8"?>
<testsuite name="ExceptionsTests" tests="1" skipped="0" failures="0" errors="0" timestamp="2025-02-11T22:40:04" hostname="PF4DQ3YG" time="0.076">
  <properties/>
  <testcase name="start" classname="ExceptionsTests" time="0.076"/>
  <system-out><![CDATA[?[1;31m
Start test 1 (123)?[0m
Welcome to Data Memory!
Possible actions:
1. Memorize booleans
2. Memorize numbers
3. Memorize words
0. Quit
> 4
Incorrect command
Welcome to Data Memory!
Possible actions:
1. Memorize booleans
2. Memorize numbers
3. Memorize words
0. Quit
> integer
Incorrect command
Welcome to Data Memory!
Possible actions:
1. Memorize booleans
2. Memorize numbers
3. Memorize words
0. Quit
> -2
Incorrect command
Welcome to Data Memory!
Possible actions:
1. Memorize booleans
2. Memorize numbers
3. Memorize words
0. Quit
?[1;31m
Start test 2 (124)?[0m
Welcome to Data Memory!
Possible actions:
1. Memorize booleans
2. Memorize numbers
3. Memorize words
0. Quit
> 1
Perform action:
> hey?
No such command!
Perform action:
> /smile
No such command!
Perform action:
> /draw line
No such command!
Perform action:
> add true
No such command!
Perform action:
> /add
Incorrect amount of arguments
Perform action:
> /compare 2
Incorrect amount of arguments
Perform action:
?[1;31m
Start test 3 (125)?[0m
Welcome to Data Memory!
Possible actions:
1. Memorize booleans
2. Memorize numbers
3. Memorize words
0. Quit
> 2
Perform action:
> hey?
No such command!
Perform action:
> /smile
No such command!
Perform action:
> /draw line
No such command!
Perform action:
> add 42
No such command!
Perform action:
> /add
Incorrect amount of arguments
Perform action:
> /compare 2
Incorrect amount of arguments
Perform action:
?[1;31m
Start test 4 (126)?[0m
Welcome to Data Memory!
Possible actions:
1. Memorize booleans
2. Memorize numbers
3. Memorize words
0. Quit
> 3
Perform action:
> hey?
No such command!
Perform action:
> /smile
No such command!
Perform action:
> /draw line
No such command!
Perform action:
> add tmp
No such command!
Perform action:
> /add
Incorrect amount of arguments
Perform action:
> /compare 2
Incorrect amount of arguments
Perform action:
?[1;31m
Start test 5 (127)?[0m
Welcome to Data Memory!
Possible actions:
1. Memorize booleans
2. Memorize numbers
3. Memorize words
0. Quit
> 1
Perform action:
> /add true
Element true added
Perform action:
> /add false
Element false added
Perform action:
> /add false
Element false added
Perform action:
> /add true
Element true added
Perform action:
> /remove 5
Index out of bounds!
Perform action:
> /print 5
Index out of bounds!
Perform action:
> /replace 5 true
Index out of bounds!
Perform action:
> /equals 5 2
Index out of bounds!
Perform action:
> /compare 5 2
Index out of bounds!
Perform action:
> /equals 2 5
Index out of bounds!
Perform action:
> /compare 2 5
Index out of bounds!
Perform action:
> /flip 5
Index out of bounds!
Perform action:
> /and 5 2
Index out of bounds!
Perform action:
> /and 2 5
Index out of bounds!
Perform action:
> /or 5 2
Index out of bounds!
Perform action:
> /or 2 5
Index out of bounds!
Perform action:
?[1;31m
Start test 6 (128)?[0m
Welcome to Data Memory!
Possible actions:
1. Memorize booleans
2. Memorize numbers
3. Memorize words
0. Quit
> 2
Perform action:
> /add 2
Element 2 added
Perform action:
> /add -1
Element -1 added
Perform action:
> /add -1
Element -1 added
Perform action:
> /add 2
Element 2 added
Perform action:
> /remove 5
Index out of bounds!
Perform action:
> /print 5
Index out of bounds!
Perform action:
> /replace 5 42
Index out of bounds!
Perform action:
> /equals 5 2
Index out of bounds!
Perform action:
> /compare 5 2
Index out of bounds!
Perform action:
> /equals 2 5
Index out of bounds!
Perform action:
> /compare 2 5
Index out of bounds!
Perform action:
> /sum 5 2
Index out of bounds!
Perform action:
> /sum 2 5
Index out of bounds!
Perform action:
> /subtract 5 2
Index out of bounds!
Perform action:
> /subtract 2 5
Index out of bounds!
Perform action:
> /multiply 5 2
Index out of bounds!
Perform action:
> /multiply 2 5
Index out of bounds!
Perform action:
> /divide 5 2
Index out of bounds!
Perform action:
> /divide 2 5
Index out of bounds!
Perform action:
> /pow 5 2
Index out of bounds!
Perform action:
> /pow 2 5
Index out of bounds!
Perform action:
> /factorial 5
Index out of bounds!
Perform action:
?[1;31m
Start test 7 (129)?[0m
Welcome to Data Memory!
Possible actions:
1. Memorize booleans
2. Memorize numbers
3. Memorize words
0. Quit
> 3
Perform action:
> /add CakeIsALie
Element CakeIsALie added
Perform action:
> /add CakeIsATruth
Element CakeIsATruth added
Perform action:
> /add CakeIsATruth
Element CakeIsATruth added
Perform action:
> /add CakeIsALie
Element CakeIsALie added
Perform action:
> /remove 5
Index out of bounds!
Perform action:
> /print 5
Index out of bounds!
Perform action:
> /replace 5 tmp
Index out of bounds!
Perform action:
> /equals 5 2
Index out of bounds!
Perform action:
> /compare 5 2
Index out of bounds!
Perform action:
> /equals 2 5
Index out of bounds!
Perform action:
> /compare 2 5
Index out of bounds!
Perform action:
> /concat 5 2
Index out of bounds!
Perform action:
> /concat 2 5
Index out of bounds!
Perform action:
> /swapCase 5
Index out of bounds!
Perform action:
> /upper 5
Index out of bounds!
Perform action:
> /lower 5
Index out of bounds!
Perform action:
> /reverse 5
Index out of bounds!
Perform action:
> /length 5
Index out of bounds!
Perform action:
?[1;31m
Start test 8 (130)?[0m
Welcome to Data Memory!
Possible actions:
1. Memorize booleans
2. Memorize numbers
3. Memorize words
0. Quit
> 1
Perform action:
> /add true
Element true added
Perform action:
> /add false
Element false added
Perform action:
> /add false
Element false added
Perform action:
> /add true
Element true added
Perform action:
> /remove A
Some arguments can't be parsed!0.827261490134096
Perform action:
> /print A
Some arguments can't be parsed!0.3707416955698767
Perform action:
> /replace A true
Some arguments can't be parsed!0.18623864242850896
Perform action:
> /equals A B
Some arguments can't be parsed!0.36605239808002277
Perform action:
> /compare A B
Some arguments can't be parsed!0.485423496901477
Perform action:
> /flip A
Some arguments can't be parsed!0.7712060912001989
Perform action:
> /and A 2
Some arguments can't be parsed!0.5797382935112034
Perform action:
> /and 2 A
Some arguments can't be parsed!0.1155531899693667
Perform action:
> /or A 2
Some arguments can't be parsed!0.8879602328252336
Perform action:
> /or 2 A
Some arguments can't be parsed!0.6272235107383728
Perform action:
> /logShift A
Some arguments can't be parsed!0.4165944715290941
Perform action:
?[1;31m
Start test 9 (131)?[0m
Welcome to Data Memory!
Possible actions:
1. Memorize booleans
2. Memorize numbers
3. Memorize words
0. Quit
> 2
Perform action:
> /add 2
Element 2 added
Perform action:
> /add -1
Element -1 added
Perform action:
> /add -1
Element -1 added
Perform action:
> /add 2
Element 2 added
Perform action:
> /remove A
Some arguments can't be parsed!0.7901943745918729
Perform action:
> /print A
Some arguments can't be parsed!0.5788798367046016
Perform action:
> /replace A 42
Some arguments can't be parsed!0.39878493633984113
Perform action:
> /equals A B
Some arguments can't be parsed!0.8734388397710743
Perform action:
> /compare A B
Some arguments can't be parsed!0.5328244621923579
Perform action:
> /add A
Some arguments can't be parsed!0.877361122109655
Perform action:
> /replace 2 A
Some arguments can't be parsed!0.9672454163776696
Perform action:
> /replaceAll 2 A
Some arguments can't be parsed!0.20085110489987712
Perform action:
> /replaceAll A 2
Some arguments can't be parsed!0.11822062099766872
Perform action:
> /index A
Some arguments can't be parsed!0.049856223039899894
Perform action:
> /count A
Some arguments can't be parsed!0.7268893376405284
Perform action:
> /sum 2 A
Some arguments can't be parsed!0.6823332096238407
Perform action:
> /sum A 2
Some arguments can't be parsed!0.057023605191651505
Perform action:
> /subtract 2 A
Some arguments can't be parsed!0.23413620339270802
Perform action:
> /subtract A 2
Some arguments can't be parsed!0.6036169001820829
Perform action:
> /multiply 2 A
Some arguments can't be parsed!0.37118146691892295
Perform action:
> /multiply A 2
Some arguments can't be parsed!0.7974022872277226
Perform action:
> /divide 2 A
Some arguments can't be parsed!0.8129414533439959
Perform action:
> /divide A 2
Some arguments can't be parsed!0.2709238570867074
Perform action:
> /pow 2 A
Some arguments can't be parsed!0.6139539825091993
Perform action:
> /pow A 2
Some arguments can't be parsed!0.20331154309649935
Perform action:
> /factorial A
Some arguments can't be parsed!0.9085323222340407
Perform action:
?[1;31m
Start test 10 (132)?[0m
Welcome to Data Memory!
Possible actions:
1. Memorize booleans
2. Memorize numbers
3. Memorize words
0. Quit
> 3
Perform action:
> /add CakeIsALie
Element CakeIsALie added
Perform action:
> /add CakeIsATruth
Element CakeIsATruth added
Perform action:
> /add CakeIsATruth
Element CakeIsATruth added
Perform action:
> /add CakeIsALie
Element CakeIsALie added
Perform action:
> /remove A
Some arguments can't be parsed!0.5647919271093637
Perform action:
> /print A
Some arguments can't be parsed!0.6709888137714541
Perform action:
> /replace A tmp
Some arguments can't be parsed!0.672777039336673
Perform action:
> /equals A B
Some arguments can't be parsed!0.5493178835904399
Perform action:
> /compare A B
Some arguments can't be parsed!0.9868026790095435
Perform action:
> /concat 2 A
Some arguments can't be parsed!0.4524358824360093
Perform action:
> /concat A 2
Some arguments can't be parsed!0.10046130684438515
Perform action:
> /swapCase A
Some arguments can't be parsed!0.8458735581299064
Perform action:
> /upper A
Some arguments can't be parsed!0.22873295851761155
Perform action:
> /lower A
Some arguments can't be parsed!0.5025236043824398
Perform action:
> /reverse A
Some arguments can't be parsed!0.3858355111558376
Perform action:
> /length A
Some arguments can't be parsed!0.20604134124573392
Perform action:
?[1;31m
Start test 11 (133)?[0m
Welcome to Data Memory!
Possible actions:
1. Memorize booleans
2. Memorize numbers
3. Memorize words
0. Quit
> 1
Perform action:
> /getRandom
There are no elements memorized
Perform action:
?[1;31m
Start test 12 (134)?[0m
Welcome to Data Memory!
Possible actions:
1. Memorize booleans
2. Memorize numbers
3. Memorize words
0. Quit
> 2
Perform action:
> /getRandom
There are no elements memorized
Perform action:
?[1;31m
Start test 13 (135)?[0m
Welcome to Data Memory!
Possible actions:
1. Memorize booleans
2. Memorize numbers
3. Memorize words
0. Quit
> 3
Perform action:
> /getRandom
There are no elements memorized
Perform action:
?[1;31m
Start test 14 (136)?[0m
Welcome to Data Memory!
Possible actions:
1. Memorize booleans
2. Memorize numbers
3. Memorize words
0. Quit
> 2
Perform action:
> /add 1
Element 1 added
Perform action:
> /add 0
Element 0 added
Perform action:
> /divide 0 1
Division by zero
Perform action:
?[1;31m
Start test 15 (137)?[0m
Welcome to Data Memory!
Possible actions:
1. Memorize booleans
2. Memorize numbers
3. Memorize words
0. Quit
> 1
Perform action:
> /add true
Element true added
Perform action:
> /add false
Element false added
Perform action:
> /add false
Element false added
Perform action:
> /add true
Element true added
Perform action:
> /readFile notfound.txt
File not found!
Perform action:
?[1;31m
Start test 16 (138)?[0m
Welcome to Data Memory!
Possible actions:
1. Memorize booleans
2. Memorize numbers
3. Memorize words
0. Quit
> 2
Perform action:
> /add 2
Element 2 added
Perform action:
> /add -1
Element -1 added
Perform action:
> /add -1
Element -1 added
Perform action:
> /add 2
Element 2 added
Perform action:
> /readFile notfound.txt
File not found!
Perform action:
?[1;31m
Start test 17 (139)?[0m
Welcome to Data Memory!
Possible actions:
1. Memorize booleans
2. Memorize numbers
3. Memorize words
0. Quit
> 3
Perform action:
> /add CakeIsALie
Element CakeIsALie added
Perform action:
> /add CakeIsATruth
Element CakeIsATruth added
Perform action:
> /add CakeIsATruth
Element CakeIsATruth added
Perform action:
> /add CakeIsALie
Element CakeIsALie added
Perform action:
> /readFile notfound.txt
File not found!
Perform action:
?[1;31m
Start test 18 (140)?[0m
Welcome to Data Memory!
Possible actions:
1. Memorize booleans
2. Memorize numbers
3. Memorize words
0. Quit
> 3
Perform action:
> /regex ())
Incorrect regex pattern provided
Perform action:
?[1;31m
Start test 19 (141)?[0m
Welcome to Data Memory!
Possible actions:
1. Memorize booleans
2. Memorize numbers
3. Memorize words
0. Quit
> 1
Perform action:
> /add true
Element true added
Perform action:
> /add true
Element true added
Perform action:
> /add true
Element true added
Perform action:
> /add true
Element true added
Perform action:
> /index false
There is no such element
Perform action:
> /sort up
Incorrect argument, possible arguments: ascending, descending
Perform action:
> /printAll somehow
Incorrect argument, possible arguments: asList, lineByLine, oneLine
Perform action:
?[1;31m
Start test 20 (142)?[0m
Welcome to Data Memory!
Possible actions:
1. Memorize booleans
2. Memorize numbers
3. Memorize words
0. Quit
> 2
Perform action:
> /add 1
Element 1 added
Perform action:
> /add 1
Element 1 added
Perform action:
> /add 1
Element 1 added
Perform action:
> /add 1
Element 1 added
Perform action:
> /index 42
There is no such element
Perform action:
> /sort up
Incorrect argument, possible arguments: ascending, descending
Perform action:
> /printAll somehow
Incorrect argument, possible arguments: asList, lineByLine, oneLine
Perform action:
?[1;31m
Start test 21 (143)?[0m
Welcome to Data Memory!
Possible actions:
1. Memorize booleans
2. Memorize numbers
3. Memorize words
0. Quit
> 3
Perform action:
> /add CakeIsALie
Element CakeIsALie added
Perform action:
> /add CakeIsALie
Element CakeIsALie added
Perform action:
> /add CakeIsALie
Element CakeIsALie added
Perform action:
> /add CakeIsALie
Element CakeIsALie added
Perform action:
> /index CakeIsATruth
There is no such element
Perform action:
> /sort up
Incorrect argument, possible arguments: ascending, descending
Perform action:
> /printAll somehow
Incorrect argument, possible arguments: asList, lineByLine, oneLine
Perform action:
?[1;31m
Start test 22 (144)?[0m
Welcome to Data Memory!
Possible actions:
1. Memorize booleans
2. Memorize numbers
3. Memorize words
0. Quit
> 1
Perform action:
> /frequency
There are no elements
Perform action:
?[1;31m
Start test 23 (145)?[0m
Welcome to Data Memory!
Possible actions:
1. Memorize booleans
2. Memorize numbers
3. Memorize words
0. Quit
> 2
Perform action:
> /frequency
There are no elements
Perform action:
?[1;31m
Start test 24 (146)?[0m
Welcome to Data Memory!
Possible actions:
1. Memorize booleans
2. Memorize numbers
3. Memorize words
0. Quit
> 3
Perform action:
> /frequency
There are no elements
Perform action:
?[1;31m
Start test 25 (147)?[0m
Welcome to Data Memory!
Possible actions:
1. Memorize booleans
2. Memorize numbers
3. Memorize words
0. Quit
> 1
Perform action:
> /convertTo number
No data memorized
Perform action:
> /morse
No data memorized
Perform action:
> /add true
Element true added
Perform action:
> /add false
Element false added
Perform action:
> /add notTrue
Some arguments can't be parsed!0.852085201455983
Perform action:
> /convertTo something
Incorrect argument, possible arguments: string, number
Perform action:
?[1;31m
Start test 26 (148)?[0m
Welcome to Data Memory!
Possible actions:
1. Memorize booleans
2. Memorize numbers
3. Memorize words
0. Quit
> 3
Perform action:
> /regex .+
There are no strings that match provided regex
Perform action:
> /add apple
Element apple added
Perform action:
> /add grape
Element grape added
Perform action:
> /regex $.^
There are no strings that match provided regex
Perform action:
?[1;31m
Start test 27 (149)?[0m
Welcome to Data Memory!
Possible actions:
1. Memorize booleans
2. Memorize numbers
3. Memorize words
0. Quit
> 2
Perform action:
> /add -1
Element -1 added
Perform action:
> /factorial 0
Calculation performed: -1! = undefined
Perform action:
]]></system-out>
  <system-err><![CDATA[]]></system-err>
</testsuite>
